<?xml version="1.0" encoding="UTF-8"?>
<testng-results skipped="0" failed="0" ignored="0" total="1" passed="1">
  <reporter-output>
  </reporter-output>
  <suite name="Default suite" duration-ms="63365" started-at="2023-01-13T10:38:42Z" finished-at="2023-01-13T10:39:46Z">
    <groups>
    </groups>
    <test name="Default test" duration-ms="63365" started-at="2023-01-13T10:38:42Z" finished-at="2023-01-13T10:39:46Z">
      <class name="tests.CreateRecipient">
        <test-method status="PASS" signature="startReport()[pri:0, instance:tests.CreateRecipient@3f197a46]" name="startReport" is-config="true" duration-ms="234" started-at="2023-01-13T16:08:42Z" finished-at="2023-01-13T16:08:42Z">
          <reporter-output>
          </reporter-output>
        </test-method> <!-- startReport -->
        <test-method status="PASS" signature="setValues()[pri:0, instance:tests.CreateRecipient@3f197a46]" name="setValues" is-config="true" duration-ms="0" started-at="2023-01-13T16:08:42Z" finished-at="2023-01-13T16:08:42Z">
          <reporter-output>
          </reporter-output>
        </test-method> <!-- setValues -->
        <test-method status="PASS" signature="startTestCase()[pri:0, instance:tests.CreateRecipient@3f197a46]" name="startTestCase" is-config="true" duration-ms="14" started-at="2023-01-13T16:08:42Z" finished-at="2023-01-13T16:08:42Z">
          <reporter-output>
          </reporter-output>
        </test-method> <!-- startTestCase -->
        <test-method status="PASS" signature="precondition()[pri:0, instance:tests.CreateRecipient@3f197a46]" name="precondition" is-config="true" duration-ms="22197" started-at="2023-01-13T16:08:42Z" finished-at="2023-01-13T16:09:04Z">
          <reporter-output>
          </reporter-output>
        </test-method> <!-- precondition -->
        <test-method status="PASS" signature="createRecipient()[pri:0, instance:tests.CreateRecipient@3f197a46]" name="createRecipient" duration-ms="40081" started-at="2023-01-13T16:09:04Z" finished-at="2023-01-13T16:09:45Z">
          <reporter-output>
          </reporter-output>
        </test-method> <!-- createRecipient -->
        <test-method status="PASS" signature="postcondition()[pri:0, instance:tests.CreateRecipient@3f197a46]" name="postcondition" is-config="true" duration-ms="1050" started-at="2023-01-13T16:09:45Z" finished-at="2023-01-13T16:09:46Z">
          <reporter-output>
          </reporter-output>
        </test-method> <!-- postcondition -->
        <test-method status="PASS" signature="endResult()[pri:0, instance:tests.CreateRecipient@3f197a46]" name="endResult" is-config="true" duration-ms="326" started-at="2023-01-13T16:09:46Z" finished-at="2023-01-13T16:09:46Z">
          <reporter-output>
          </reporter-output>
        </test-method> <!-- endResult -->
      </class> <!-- tests.CreateRecipient -->
    </test> <!-- Default test -->
  </suite> <!-- Default suite -->
</testng-results>
