<?xml version="1.0" encoding="UTF-8"?>
<testng-results skipped="0" failed="0" ignored="0" total="1" passed="1">
  <reporter-output>
  </reporter-output>
  <suite name="Default suite" duration-ms="59841" started-at="2023-01-09T11:36:23Z" finished-at="2023-01-09T11:37:22Z">
    <groups>
    </groups>
    <test name="Default test" duration-ms="59841" started-at="2023-01-09T11:36:23Z" finished-at="2023-01-09T11:37:22Z">
      <class name="tests.CreateRecipient">
        <test-method status="PASS" signature="startReport()[pri:0, instance:tests.CreateRecipient@3f197a46]" name="startReport" is-config="true" duration-ms="159" started-at="2023-01-09T17:06:22Z" finished-at="2023-01-09T17:06:23Z">
          <reporter-output>
          </reporter-output>
        </test-method> <!-- startReport -->
        <test-method status="PASS" signature="setValues()[pri:0, instance:tests.CreateRecipient@3f197a46]" name="setValues" is-config="true" duration-ms="0" started-at="2023-01-09T17:06:23Z" finished-at="2023-01-09T17:06:23Z">
          <reporter-output>
          </reporter-output>
        </test-method> <!-- setValues -->
        <test-method status="PASS" signature="startTestCase()[pri:0, instance:tests.CreateRecipient@3f197a46]" name="startTestCase" is-config="true" duration-ms="9" started-at="2023-01-09T17:06:23Z" finished-at="2023-01-09T17:06:23Z">
          <reporter-output>
          </reporter-output>
        </test-method> <!-- startTestCase -->
        <test-method status="PASS" signature="precondition()[pri:0, instance:tests.CreateRecipient@3f197a46]" name="precondition" is-config="true" duration-ms="20957" started-at="2023-01-09T17:06:23Z" finished-at="2023-01-09T17:06:44Z">
          <reporter-output>
          </reporter-output>
        </test-method> <!-- precondition -->
        <test-method status="PASS" signature="createRecipient()[pri:0, instance:tests.CreateRecipient@3f197a46]" name="createRecipient" duration-ms="38022" started-at="2023-01-09T17:06:44Z" finished-at="2023-01-09T17:07:22Z">
          <reporter-output>
          </reporter-output>
        </test-method> <!-- createRecipient -->
        <test-method status="PASS" signature="postcondition()[pri:0, instance:tests.CreateRecipient@3f197a46]" name="postcondition" is-config="true" duration-ms="836" started-at="2023-01-09T17:07:22Z" finished-at="2023-01-09T17:07:22Z">
          <reporter-output>
          </reporter-output>
        </test-method> <!-- postcondition -->
        <test-method status="PASS" signature="endResult()[pri:0, instance:tests.CreateRecipient@3f197a46]" name="endResult" is-config="true" duration-ms="310" started-at="2023-01-09T17:07:22Z" finished-at="2023-01-09T17:07:23Z">
          <reporter-output>
          </reporter-output>
        </test-method> <!-- endResult -->
      </class> <!-- tests.CreateRecipient -->
    </test> <!-- Default test -->
  </suite> <!-- Default suite -->
</testng-results>
